<?xml version="1.0" encoding="UTF-8"?>
<!-- Generated by org.testng.reporters.JUnitReportReporter -->
<testsuite skipped="0" hostname="Darshan-PC" name="com.OKR.application.Test01" tests="1" failures="0" timestamp="23 Jun 2020 12:24:33 GMT" time="43.565" errors="0">
  <testcase name="tc_01" time="43.565" classname="com.OKR.application.Test01"/>
</testsuite> <!-- com.OKR.application.Test01 -->
