<?xml version="1.0" encoding="UTF-8"?>
<!-- Generated by org.testng.reporters.JUnitReportReporter -->
<testsuite skipped="1" hostname="Darshan-PC" name="com.app.coolwinks.accountmodule.TC_001_AccountIcon" tests="2" failures="0" timestamp="03 Jun 2020 18:01:51 GMT" time="7.452" errors="1">
  <testcase name="tc02_Account_Google" time="7.452" classname="com.app.coolwinks.accountmodule.TC_001_AccountIcon">
    <error type="java.lang.NullPointerException">
      <![CDATA[java.lang.NullPointerException
at io.appium.java_client.TouchAction$ActionParameter.<init>(TouchAction.java:361)
at io.appium.java_client.TouchAction.press(TouchAction.java:53)
at com.app.androidapp.util.MobileActionUtil.tapOnElement(MobileActionUtil.java:93)
at com.app.androidapp.pages.AccountPage.tapOnGoogleIcon(AccountPage.java:37)
at com.app.coolwinks.accountmodule.TC_001_AccountIcon.tc02_Account_Google(TC_001_AccountIcon.java:25)
at sun.reflect.NativeMethodAccessorImpl.invoke0(Native Method)
at sun.reflect.NativeMethodAccessorImpl.invoke(NativeMethodAccessorImpl.java:62)
at sun.reflect.DelegatingMethodAccessorImpl.invoke(DelegatingMethodAccessorImpl.java:43)
at java.lang.reflect.Method.invoke(Method.java:498)
at org.testng.internal.MethodInvocationHelper.invokeMethod(MethodInvocationHelper.java:124)
at org.testng.internal.Invoker.invokeMethod(Invoker.java:583)
at org.testng.internal.Invoker.invokeTestMethod(Invoker.java:719)
at org.testng.internal.Invoker.invokeTestMethods(Invoker.java:989)
at org.testng.internal.TestMethodWorker.invokeTestMethods(TestMethodWorker.java:125)
at org.testng.internal.TestMethodWorker.run(TestMethodWorker.java:109)
at org.testng.TestRunner.privateRun(TestRunner.java:648)
at org.testng.TestRunner.run(TestRunner.java:505)
at org.testng.SuiteRunner.runTest(SuiteRunner.java:455)
at org.testng.SuiteRunner.runSequentially(SuiteRunner.java:450)
at org.testng.SuiteRunner.privateRun(SuiteRunner.java:415)
at org.testng.SuiteRunner.run(SuiteRunner.java:364)
at org.testng.SuiteRunnerWorker.runSuite(SuiteRunnerWorker.java:52)
at org.testng.SuiteRunnerWorker.run(SuiteRunnerWorker.java:84)
at org.testng.TestNG.runSuitesSequentially(TestNG.java:1208)
at org.testng.TestNG.runSuitesLocally(TestNG.java:1137)
at org.testng.TestNG.runSuites(TestNG.java:1049)
at org.testng.TestNG.run(TestNG.java:1017)
at org.testng.remote.AbstractRemoteTestNG.run(AbstractRemoteTestNG.java:114)
at org.testng.remote.RemoteTestNG.initAndRun(RemoteTestNG.java:251)
at org.testng.remote.RemoteTestNG.main(RemoteTestNG.java:77)
]]>
    </error>
  </testcase> <!-- tc02_Account_Google -->
  <testcase name="tc01_AccountSingin" classname="com.app.coolwinks.accountmodule.TC_001_AccountIcon">
    <skipped/>
  </testcase> <!-- tc01_AccountSingin -->
</testsuite> <!-- com.app.coolwinks.accountmodule.TC_001_AccountIcon -->
